Building DAG of jobs...
Using shell: /usr/bin/bash
Provided cores: 4
Rules claiming more threads will be scaled down.
Job stats:
job                         count
------------------------  -------
all                             1
demux                           1
demux_summarize                 1
demux_summarize_filtered        1
filter_samples                  1
import                          1
total                           6

Resources before job selection: {'_cores': 4, '_nodes': 9223372036854775807}
Ready jobs (1)
Select jobs to execute...
Using greedy selector because only single job has to be scheduled.
Selected jobs (1)
Resources after job selection: {'_cores': 3, '_nodes': 9223372036854775806}

[Wed Jan 14 12:56:16 2026]
rule import:
    input: /projects/c829993361@colostate.edu/2025_16S_Equine_Microbiome_Data/Multiplexed/for_qiime
    output: 01_multiplexed_all_2025_16S_Data.qza
    jobid: 4
    reason: Missing output files: 01_multiplexed_all_2025_16S_Data.qza
    resources: tmpdir=/scratch/alpine/c829993361@colostate.edu/.tmp

qiime tools import 		--type EMPPairedEndSequences 		--input-path /projects/c829993361@colostate.edu/2025_16S_Equine_Microbiome_Data/Multiplexed/for_qiime 		--output-path 01_multiplexed_all_2025_16S_Data.qza
/projects/c829993361@colostate.edu/software/anaconda/envs/qiime2-amplicon-2024.10/lib/python3.10/site-packages/qiime2/core/cache.py:468: UserWarning: Your temporary cache was found to be in an inconsistent state. It has been recreated.
  warnings.warn(
Imported /projects/c829993361@colostate.edu/2025_16S_Equine_Microbiome_Data/Multiplexed/for_qiime as EMPPairedEndDirFmt to 01_multiplexed_all_2025_16S_Data.qza
[Wed Jan 14 13:06:52 2026]
Finished job 4.
1 of 6 steps (17%) done
Resources before job selection: {'_cores': 4, '_nodes': 9223372036854775807}
Ready jobs (1)
Select jobs to execute...
Using greedy selector because only single job has to be scheduled.
Selected jobs (1)
Resources after job selection: {'_cores': 3, '_nodes': 9223372036854775806}

[Wed Jan 14 13:06:52 2026]
rule demux:
    input: barcodes.txt, 01_multiplexed_all_2025_16S_Data.qza
    output: 01_demux_all_2025_16S_Data.qza, 01_demux_all_2025_16S_Data_error.qza
    jobid: 3
    reason: Missing output files: 01_demux_all_2025_16S_Data.qza; Updated input files: barcodes.txt; Input files updated by another job: 01_multiplexed_all_2025_16S_Data.qza
    resources: tmpdir=/scratch/alpine/c829993361@colostate.edu/.tmp

qiime demux emp-paired 		--m-barcodes-file barcodes.txt 		--m-barcodes-column barcode 		--p-rev-comp-mapping-barcodes 		--p-rev-comp-barcodes 		--i-seqs 01_multiplexed_all_2025_16S_Data.qza 		--o-per-sample-sequences 01_demux_all_2025_16S_Data.qza 		--o-error-correction-details 01_demux_all_2025_16S_Data_error.qza
Saved SampleData[PairedEndSequencesWithQuality] to: 01_demux_all_2025_16S_Data.qza
Saved ErrorCorrectionDetails to: 01_demux_all_2025_16S_Data_error.qza
[Wed Jan 14 14:47:20 2026]
Finished job 3.
2 of 6 steps (33%) done
Resources before job selection: {'_cores': 4, '_nodes': 9223372036854775807}
Ready jobs (2)
Select jobs to execute...
Welcome to the CBC MILP Solver 
Version: 2.10.12 
Build Date: Sep  3 2024 

command line - cbc /scratch/alpine/c829993361@colostate.edu/.tmp/70edd5ac29c64a7fbf0a9b03025e3936-pulp.mps max timeMode elapsed branch printingOptions all solution /scratch/alpine/c829993361@colostate.edu/.tmp/70edd5ac29c64a7fbf0a9b03025e3936-pulp.sol (default strategy 1)
At line 2 NAME          MODEL
At line 3 ROWS
At line 7 COLUMNS
At line 18 RHS
At line 21 BOUNDS
At line 24 ENDATA
Problem MODEL has 2 rows, 2 columns and 4 elements
Coin0008I MODEL read with 0 errors
Option for timeMode changed from cpu to elapsed
Continuous objective value is 4 - 0.00 seconds
Cgl0004I processed model has 0 rows, 0 columns (0 integer (0 of which binary)) and 0 elements
Cbc3007W No integer variables - nothing to do
Cuts at root node changed objective from 4 to 1.79769e+308
Probing was tried 0 times and created 0 cuts of which 0 were active after adding rounds of cuts (0.000 seconds)
Gomory was tried 0 times and created 0 cuts of which 0 were active after adding rounds of cuts (0.000 seconds)
Knapsack was tried 0 times and created 0 cuts of which 0 were active after adding rounds of cuts (0.000 seconds)
Clique was tried 0 times and created 0 cuts of which 0 were active after adding rounds of cuts (0.000 seconds)
MixedIntegerRounding2 was tried 0 times and created 0 cuts of which 0 were active after adding rounds of cuts (0.000 seconds)
FlowCover was tried 0 times and created 0 cuts of which 0 were active after adding rounds of cuts (0.000 seconds)
TwoMirCuts was tried 0 times and created 0 cuts of which 0 were active after adding rounds of cuts (0.000 seconds)
ZeroHalf was tried 0 times and created 0 cuts of which 0 were active after adding rounds of cuts (0.000 seconds)

Result - Optimal solution found

Objective value:                4.00000000
Enumerated nodes:               0
Total iterations:               0
Time (CPU seconds):             0.00
Time (Wallclock seconds):       0.05

Option for printingOptions changed from normal to all
Total time (CPU seconds):       0.00   (Wallclock seconds):       0.13

Selected jobs (2)
Resources after job selection: {'_cores': 2, '_nodes': 9223372036854775805}

[Wed Jan 14 14:47:21 2026]
rule filter_samples:
    input: 01_demux_all_2025_16S_Data.qza, samples.txt
    output: 01_uterine_swab_demux.qza
    jobid: 2
    reason: Missing output files: 01_uterine_swab_demux.qza; Input files updated by another job: 01_demux_all_2025_16S_Data.qza
    resources: tmpdir=/scratch/alpine/c829993361@colostate.edu/.tmp

qiime demux filter-samples 		--i-demux 01_demux_all_2025_16S_Data.qza 		--m-metadata-file samples.txt 		--o-filtered-demux 01_uterine_swab_demux.qza

[Wed Jan 14 14:47:21 2026]
rule demux_summarize:
    input: 01_demux_all_2025_16S_Data.qza
    output: 01_demux_all_2025_16S_Data.qzv
    jobid: 5
    reason: Input files updated by another job: 01_demux_all_2025_16S_Data.qza
    resources: tmpdir=/scratch/alpine/c829993361@colostate.edu/.tmp

qiime demux summarize                 --i-data 01_demux_all_2025_16S_Data.qza                 --o-visualization 01_demux_all_2025_16S_Data.qzv
Saved SampleData[PairedEndSequencesWithQuality] to: 01_uterine_swab_demux.qza
[Wed Jan 14 14:48:15 2026]
Finished job 2.
3 of 6 steps (50%) done
Resources before job selection: {'_cores': 3, '_nodes': 9223372036854775806}
Ready jobs (1)
Select jobs to execute...
Using greedy selector because only single job has to be scheduled.
Selected jobs (1)
Resources after job selection: {'_cores': 2, '_nodes': 9223372036854775805}

[Wed Jan 14 14:48:15 2026]
rule demux_summarize_filtered:
    input: 01_uterine_swab_demux.qza
    output: 01_uterine_swab_demux.qzv
    jobid: 1
    reason: Input files updated by another job: 01_uterine_swab_demux.qza
    resources: tmpdir=/scratch/alpine/c829993361@colostate.edu/.tmp

qiime demux summarize 		--i-data 01_uterine_swab_demux.qza 		--o-visualization 01_uterine_swab_demux.qzv
Saved Visualization to: 01_uterine_swab_demux.qzv
[Wed Jan 14 14:49:20 2026]
Finished job 1.
4 of 6 steps (67%) done
Saved Visualization to: 01_demux_all_2025_16S_Data.qzv
[Wed Jan 14 14:52:05 2026]
Finished job 5.
5 of 6 steps (83%) done
Resources before job selection: {'_cores': 4, '_nodes': 9223372036854775807}
Ready jobs (1)
Select jobs to execute...
Using greedy selector because only single job has to be scheduled.
Selected jobs (1)
Resources after job selection: {'_cores': 3, '_nodes': 9223372036854775806}

[Wed Jan 14 14:52:05 2026]
localrule all:
    input: 01_uterine_swab_demux.qzv, 01_demux_all_2025_16S_Data.qzv, /projects/c829993361@colostate.edu/2025_16S_Equine_Microbiome_Data/Multiplexed/for_qiime/barcodes.fastq.gz
    jobid: 0
    reason: Input files updated by another job: 01_demux_all_2025_16S_Data.qzv, 01_uterine_swab_demux.qzv
    resources: tmpdir=/scratch/alpine/c829993361@colostate.edu/.tmp

[Wed Jan 14 14:52:05 2026]
Finished job 0.
6 of 6 steps (100%) done
Complete log: .snakemake/log/2026-01-14T125613.913577.snakemake.log
unlocking
removing lock
removing lock
removed all locks
