The flag 'directory' used in rule all is only valid for outputs, not inputs.
Building DAG of jobs...
Using shell: /usr/bin/bash
Provided cores: 4
Rules claiming more threads will be scaled down.
Job stats:
job                             count
----------------------------  -------
all                                 1
classify_features                   1
diversity                           1
filter_mito_chloro                  1
filter_samples_read_number          1
filter_sequences_read_number        1
make_tree                           1
rarefaction                         1
taxonomy_barplot                    1
visualize_features                  1
visualize_filtered                  1
total                              11

Resources before job selection: {'_cores': 4, '_nodes': 9223372036854775807}
Ready jobs (2)
Select jobs to execute...
Welcome to the CBC MILP Solver 
Version: 2.10.12 
Build Date: Sep  3 2024 

command line - cbc /scratch/alpine/c829993361@colostate.edu/.tmp/4f08043201e546919d6caa0a7c5ac931-pulp.mps max timeMode elapsed branch printingOptions all solution /scratch/alpine/c829993361@colostate.edu/.tmp/4f08043201e546919d6caa0a7c5ac931-pulp.sol (default strategy 1)
At line 2 NAME          MODEL
At line 3 ROWS
At line 7 COLUMNS
At line 18 RHS
At line 21 BOUNDS
At line 24 ENDATA
Problem MODEL has 2 rows, 2 columns and 4 elements
Coin0008I MODEL read with 0 errors
Option for timeMode changed from cpu to elapsed
Continuous objective value is 4 - 0.00 seconds
Cgl0004I processed model has 0 rows, 0 columns (0 integer (0 of which binary)) and 0 elements
Cbc3007W No integer variables - nothing to do
Cuts at root node changed objective from 4 to 1.79769e+308
Probing was tried 0 times and created 0 cuts of which 0 were active after adding rounds of cuts (0.000 seconds)
Gomory was tried 0 times and created 0 cuts of which 0 were active after adding rounds of cuts (0.000 seconds)
Knapsack was tried 0 times and created 0 cuts of which 0 were active after adding rounds of cuts (0.000 seconds)
Clique was tried 0 times and created 0 cuts of which 0 were active after adding rounds of cuts (0.000 seconds)
MixedIntegerRounding2 was tried 0 times and created 0 cuts of which 0 were active after adding rounds of cuts (0.000 seconds)
FlowCover was tried 0 times and created 0 cuts of which 0 were active after adding rounds of cuts (0.000 seconds)
TwoMirCuts was tried 0 times and created 0 cuts of which 0 were active after adding rounds of cuts (0.000 seconds)
ZeroHalf was tried 0 times and created 0 cuts of which 0 were active after adding rounds of cuts (0.000 seconds)

Result - Optimal solution found

Objective value:                4.00000000
Enumerated nodes:               0
Total iterations:               0
Time (CPU seconds):             0.00
Time (Wallclock seconds):       0.05

Option for printingOptions changed from normal to all
Total time (CPU seconds):       0.00   (Wallclock seconds):       0.13

Selected jobs (2)
Resources after job selection: {'_cores': 2, '_nodes': 9223372036854775805}

[Fri Feb  6 18:30:39 2026]
rule make_tree:
    input: 02_repSeqs_uterine_swab.qza, /projects/c829993361@colostate.edu/microbiome_taxonomy/greengenes_2022.10/ftp.microbio.me/greengenes_release/2022.10-rc1/2022.10.backbone.sepp-reference.qza
    output: 03_uterine_swab_tree_greengenes.qza, 03_uterine_swab_tree_placements_greengenes.qza
    jobid: 10
    reason: Missing output files: 03_uterine_swab_tree_greengenes.qza
    resources: tmpdir=/scratch/alpine/c829993361@colostate.edu/.tmp

qiime fragment-insertion sepp 		--i-representative-sequences 02_repSeqs_uterine_swab.qza 		--i-reference-database /projects/c829993361@colostate.edu/microbiome_taxonomy/greengenes_2022.10/ftp.microbio.me/greengenes_release/2022.10-rc1/2022.10.backbone.sepp-reference.qza 		--p-threads 12 		--o-tree 03_uterine_swab_tree_greengenes.qza 		--o-placements 03_uterine_swab_tree_placements_greengenes.qza

[Fri Feb  6 18:30:39 2026]
rule classify_features:
    input: 02_repSeqs_uterine_swab.qza, /projects/c829993361@colostate.edu/microbiome_taxonomy/greengenes_2022.10/ftp.microbio.me/greengenes_release/current/2024.09.backbone.v4.nb.qza
    output: 03_uterine_swab_taxonomy_greengenes.qza
    jobid: 5
    reason: Missing output files: 03_uterine_swab_taxonomy_greengenes.qza
    resources: tmpdir=/scratch/alpine/c829993361@colostate.edu/.tmp

qiime feature-classifier classify-sklearn 		--i-reads 02_repSeqs_uterine_swab.qza 		--i-classifier /projects/c829993361@colostate.edu/microbiome_taxonomy/greengenes_2022.10/ftp.microbio.me/greengenes_release/current/2024.09.backbone.v4.nb.qza 		--o-classification 03_uterine_swab_taxonomy_greengenes.qza
slurmstepd: error: *** JOB 23608386 ON c3cpu-c15-u1-2 CANCELLED AT 2026-02-06T18:32:29 ***
