Building DAG of jobs...
Using shell: /usr/bin/bash
Provided cores: 4
Rules claiming more threads will be scaled down.
Job stats:
job                                  count
---------------------------------  -------
all                                      1
filter_sequences_read_number_1_30        1
filter_sequences_read_number_2_20        1
filter_sequences_read_number_3_10        1
visualize_filtered                       1
total                                    5

Resources before job selection: {'_cores': 4, '_nodes': 9223372036854775807}
Ready jobs (3)
Select jobs to execute...
Welcome to the CBC MILP Solver 
Version: 2.10.12 
Build Date: Sep  3 2024 

command line - cbc /scratch/alpine/c829993361@colostate.edu/.tmp/2521505d17ed4a06994f33936f3c80d8-pulp.mps max timeMode elapsed branch printingOptions all solution /scratch/alpine/c829993361@colostate.edu/.tmp/2521505d17ed4a06994f33936f3c80d8-pulp.sol (default strategy 1)
At line 2 NAME          MODEL
At line 3 ROWS
At line 7 COLUMNS
At line 23 RHS
At line 26 BOUNDS
At line 30 ENDATA
Problem MODEL has 2 rows, 3 columns and 6 elements
Coin0008I MODEL read with 0 errors
Option for timeMode changed from cpu to elapsed
Continuous objective value is 6 - 0.00 seconds
Cgl0004I processed model has 0 rows, 0 columns (0 integer (0 of which binary)) and 0 elements
Cbc3007W No integer variables - nothing to do
Cuts at root node changed objective from 6 to 1.79769e+308
Probing was tried 0 times and created 0 cuts of which 0 were active after adding rounds of cuts (0.000 seconds)
Gomory was tried 0 times and created 0 cuts of which 0 were active after adding rounds of cuts (0.000 seconds)
Knapsack was tried 0 times and created 0 cuts of which 0 were active after adding rounds of cuts (0.000 seconds)
Clique was tried 0 times and created 0 cuts of which 0 were active after adding rounds of cuts (0.000 seconds)
MixedIntegerRounding2 was tried 0 times and created 0 cuts of which 0 were active after adding rounds of cuts (0.000 seconds)
FlowCover was tried 0 times and created 0 cuts of which 0 were active after adding rounds of cuts (0.000 seconds)
TwoMirCuts was tried 0 times and created 0 cuts of which 0 were active after adding rounds of cuts (0.000 seconds)
ZeroHalf was tried 0 times and created 0 cuts of which 0 were active after adding rounds of cuts (0.000 seconds)

Result - Optimal solution found

Objective value:                6.00000000
Enumerated nodes:               0
Total iterations:               0
Time (CPU seconds):             0.00
Time (Wallclock seconds):       0.05

Option for printingOptions changed from normal to all
Total time (CPU seconds):       0.00   (Wallclock seconds):       0.15

Selected jobs (3)
Resources after job selection: {'_cores': 1, '_nodes': 9223372036854775804}

[Sat Feb  7 08:46:05 2026]
rule filter_sequences_read_number_2_20:
    input: 03_table_uterine_swab_filter_taxa_samples_greengenes.qza
    output: 03_table_uterine_swab_filter_taxa_samples_2_reads_20_greengenes.qza
    jobid: 7
    reason: Missing output files: 03_table_uterine_swab_filter_taxa_samples_2_reads_20_greengenes.qza
    resources: tmpdir=/scratch/alpine/c829993361@colostate.edu/.tmp

qiime feature-table filter-features 		 --i-table 03_table_uterine_swab_filter_taxa_samples_greengenes.qza 		 --p-min-frequency 20 		 --p-min-samples 2 		 --o-filtered-table 03_table_uterine_swab_filter_taxa_samples_2_reads_20_greengenes.qza

[Sat Feb  7 08:46:05 2026]
rule filter_sequences_read_number_1_30:
    input: 03_table_uterine_swab_filter_taxa_samples_greengenes.qza
    output: 03_table_uterine_swab_filter_taxa_samples_1_reads_30_greengenes.qza
    jobid: 8
    reason: Missing output files: 03_table_uterine_swab_filter_taxa_samples_1_reads_30_greengenes.qza
    resources: tmpdir=/scratch/alpine/c829993361@colostate.edu/.tmp

qiime feature-table filter-features 		--i-table 03_table_uterine_swab_filter_taxa_samples_greengenes.qza 		--p-min-frequency 30 		--p-min-samples 1 		--o-filtered-table 03_table_uterine_swab_filter_taxa_samples_1_reads_30_greengenes.qza

[Sat Feb  7 08:46:05 2026]
rule filter_sequences_read_number_3_10:
    input: 03_table_uterine_swab_filter_taxa_samples_greengenes.qza
    output: 03_table_uterine_swab_filter_taxa_samples_3_reads_10_greengenes.qza
    jobid: 4
    reason: Missing output files: 03_table_uterine_swab_filter_taxa_samples_3_reads_10_greengenes.qza
    resources: tmpdir=/scratch/alpine/c829993361@colostate.edu/.tmp

qiime feature-table filter-features 		 --i-table 03_table_uterine_swab_filter_taxa_samples_greengenes.qza 		 --p-min-frequency 10 		 --p-min-samples 3 		 --o-filtered-table 03_table_uterine_swab_filter_taxa_samples_3_reads_10_greengenes.qza
Saved FeatureTable[Frequency] to: 03_table_uterine_swab_filter_taxa_samples_3_reads_10_greengenes.qza
Saved FeatureTable[Frequency] to: 03_table_uterine_swab_filter_taxa_samples_2_reads_20_greengenes.qza
[Sat Feb  7 08:46:20 2026]
Finished job 4.
1 of 5 steps (20%) done
[Sat Feb  7 08:46:20 2026]
Finished job 7.
2 of 5 steps (40%) done
Saved FeatureTable[Frequency] to: 03_table_uterine_swab_filter_taxa_samples_1_reads_30_greengenes.qza
[Sat Feb  7 08:46:21 2026]
Finished job 8.
3 of 5 steps (60%) done
Resources before job selection: {'_cores': 4, '_nodes': 9223372036854775807}
Ready jobs (1)
Select jobs to execute...
Using greedy selector because only single job has to be scheduled.
Selected jobs (1)
Resources after job selection: {'_cores': 3, '_nodes': 9223372036854775806}

[Sat Feb  7 08:46:21 2026]
rule visualize_filtered:
    input: 03_table_uterine_swab_filter_taxa_samples_3_reads_10_greengenes.qza, 03_table_uterine_swab_filter_taxa_samples_2_reads_20_greengenes.qza, 03_table_uterine_swab_filter_taxa_samples_1_reads_30_greengenes.qza, metadata.txt
    output: 03_table_uterine_swab_filter_taxa_samples_3_reads_10_greengenes.qzv, 03_table_uterine_swab_filter_taxa_samples_2_reads_20_greengenes.qzv, 03_table_uterine_swab_filter_taxa_samples_1_reads_30_greengenes.qzv
    jobid: 3
    reason: Missing output files: 03_table_uterine_swab_filter_taxa_samples_1_reads_30_greengenes.qzv; Input files updated by another job: 03_table_uterine_swab_filter_taxa_samples_2_reads_20_greengenes.qza, 03_table_uterine_swab_filter_taxa_samples_3_reads_10_greengenes.qza, 03_table_uterine_swab_filter_taxa_samples_1_reads_30_greengenes.qza
    resources: tmpdir=/scratch/alpine/c829993361@colostate.edu/.tmp

qiime feature-table summarize 		--i-table 03_table_uterine_swab_filter_taxa_samples_3_reads_10_greengenes.qza 03_table_uterine_swab_filter_taxa_samples_2_reads_20_greengenes.qza 03_table_uterine_swab_filter_taxa_samples_1_reads_30_greengenes.qza 		--m-sample-metadata-file metadata.txt 		--o-visualization 03_table_uterine_swab_filter_taxa_samples_3_reads_10_greengenes.qzv 03_table_uterine_swab_filter_taxa_samples_2_reads_20_greengenes.qzv 03_table_uterine_swab_filter_taxa_samples_1_reads_30_greengenes.qzv
Usage: qiime feature-table summarize [OPTIONS]

  Generate visual and tabular summaries of a feature table.

Inputs:
  --i-table ARTIFACT FeatureTable[Frequency | PresenceAbsence]
                         The feature table to be summarized.        [required]
Parameters:
  --m-sample-metadata-file METADATA...
    (multiple            The sample metadata.
     arguments will be   
     merged)                                                        [optional]
Outputs:
  --o-visualization VISUALIZATION
                                                                    [required]
Miscellaneous:
  --output-dir PATH      Output unspecified results to a directory
  --verbose / --quiet    Display verbose output to stdout and/or stderr
                         during execution of this action. Or silence output if
                         execution is successful (silence is golden).
  --example-data PATH    Write example data and exit.
  --citations            Show citations and exit.
  --use-cache DIRECTORY  Specify the cache to be used for the intermediate
                         work of this action. If not provided, the default
                         cache under $TMP/qiime2/<uname> will be used.
                         IMPORTANT FOR HPC USERS: If you are on an HPC system
                         and are using parallel execution it is important to
                         set this to a location that is globally accessible to
                         all nodes in the cluster.
  --help                 Show this message and exit.

Examples:
  # ### example: feature table summarize
  qiime feature-table summarize \
    --i-table feature-table.qza \
    --o-visualization table.qzv
  

                    There was a problem with the command:                     
 (1/1) Got unexpected extra arguments
  (03_table_uterine_swab_filter_taxa_samples_2_reads_20_greengenes.qza
  03_table_uterine_swab_filter_taxa_samples_1_reads_30_greengenes.qza
  03_table_uterine_swab_filter_taxa_samples_2_reads_20_greengenes.qzv
  03_table_uterine_swab_filter_taxa_samples_1_reads_30_greengenes.qzv)
Full Traceback (most recent call last):
  File "/projects/c829993361@colostate.edu/software/anaconda/envs/qiime2-amplicon-2024.10/lib/python3.10/site-packages/snakemake/executors/__init__.py", line 2656, in run_wrapper
    run(
  File "/gpfs/alpine1/scratch/c829993361@colostate.edu/Equine_Microbiome_Uterine_Swabs/03.taxonomy_greengenes", line 241, in __rule_visualize_filtered
  File "/projects/c829993361@colostate.edu/software/anaconda/envs/qiime2-amplicon-2024.10/lib/python3.10/site-packages/snakemake/shell.py", line 294, in __new__
    raise sp.CalledProcessError(retcode, cmd)
subprocess.CalledProcessError: Command 'set -euo pipefail;  qiime feature-table summarize 		--i-table 03_table_uterine_swab_filter_taxa_samples_3_reads_10_greengenes.qza 03_table_uterine_swab_filter_taxa_samples_2_reads_20_greengenes.qza 03_table_uterine_swab_filter_taxa_samples_1_reads_30_greengenes.qza 		--m-sample-metadata-file metadata.txt 		--o-visualization 03_table_uterine_swab_filter_taxa_samples_3_reads_10_greengenes.qzv 03_table_uterine_swab_filter_taxa_samples_2_reads_20_greengenes.qzv 03_table_uterine_swab_filter_taxa_samples_1_reads_30_greengenes.qzv' returned non-zero exit status 1.

[Sat Feb  7 08:46:33 2026]
Error in rule visualize_filtered:
    jobid: 3
    input: 03_table_uterine_swab_filter_taxa_samples_3_reads_10_greengenes.qza, 03_table_uterine_swab_filter_taxa_samples_2_reads_20_greengenes.qza, 03_table_uterine_swab_filter_taxa_samples_1_reads_30_greengenes.qza, metadata.txt
    output: 03_table_uterine_swab_filter_taxa_samples_3_reads_10_greengenes.qzv, 03_table_uterine_swab_filter_taxa_samples_2_reads_20_greengenes.qzv, 03_table_uterine_swab_filter_taxa_samples_1_reads_30_greengenes.qzv
    shell:
        qiime feature-table summarize 		--i-table 03_table_uterine_swab_filter_taxa_samples_3_reads_10_greengenes.qza 03_table_uterine_swab_filter_taxa_samples_2_reads_20_greengenes.qza 03_table_uterine_swab_filter_taxa_samples_1_reads_30_greengenes.qza 		--m-sample-metadata-file metadata.txt 		--o-visualization 03_table_uterine_swab_filter_taxa_samples_3_reads_10_greengenes.qzv 03_table_uterine_swab_filter_taxa_samples_2_reads_20_greengenes.qzv 03_table_uterine_swab_filter_taxa_samples_1_reads_30_greengenes.qzv
        (one of the commands exited with non-zero exit code; note that snakemake uses bash strict mode!)

Full Traceback (most recent call last):
  File "/projects/c829993361@colostate.edu/software/anaconda/envs/qiime2-amplicon-2024.10/lib/python3.10/site-packages/snakemake/executors/__init__.py", line 2656, in run_wrapper
    run(
  File "/gpfs/alpine1/scratch/c829993361@colostate.edu/Equine_Microbiome_Uterine_Swabs/03.taxonomy_greengenes", line 241, in __rule_visualize_filtered
  File "/projects/c829993361@colostate.edu/software/anaconda/envs/qiime2-amplicon-2024.10/lib/python3.10/site-packages/snakemake/shell.py", line 294, in __new__
    raise sp.CalledProcessError(retcode, cmd)
subprocess.CalledProcessError: Command 'set -euo pipefail;  qiime feature-table summarize 		--i-table 03_table_uterine_swab_filter_taxa_samples_3_reads_10_greengenes.qza 03_table_uterine_swab_filter_taxa_samples_2_reads_20_greengenes.qza 03_table_uterine_swab_filter_taxa_samples_1_reads_30_greengenes.qza 		--m-sample-metadata-file metadata.txt 		--o-visualization 03_table_uterine_swab_filter_taxa_samples_3_reads_10_greengenes.qzv 03_table_uterine_swab_filter_taxa_samples_2_reads_20_greengenes.qzv 03_table_uterine_swab_filter_taxa_samples_1_reads_30_greengenes.qzv' returned non-zero exit status 1.

During handling of the above exception, another exception occurred:

Traceback (most recent call last):
  File "/projects/c829993361@colostate.edu/software/anaconda/envs/qiime2-amplicon-2024.10/lib/python3.10/site-packages/snakemake/executors/__init__.py", line 715, in _callback
    raise ex
  File "/projects/c829993361@colostate.edu/software/anaconda/envs/qiime2-amplicon-2024.10/lib/python3.10/concurrent/futures/thread.py", line 58, in run
    result = self.fn(*self.args, **self.kwargs)
  File "/projects/c829993361@colostate.edu/software/anaconda/envs/qiime2-amplicon-2024.10/lib/python3.10/site-packages/snakemake/executors/__init__.py", line 699, in cached_or_run
    run_func(*args)
  File "/projects/c829993361@colostate.edu/software/anaconda/envs/qiime2-amplicon-2024.10/lib/python3.10/site-packages/snakemake/executors/__init__.py", line 2692, in run_wrapper
    raise RuleException(
snakemake.exceptions.RuleException: CalledProcessError in file /gpfs/alpine1/scratch/c829993361@colostate.edu/Equine_Microbiome_Uterine_Swabs/03.taxonomy_greengenes, line 104:
Command 'set -euo pipefail;  qiime feature-table summarize 		--i-table 03_table_uterine_swab_filter_taxa_samples_3_reads_10_greengenes.qza 03_table_uterine_swab_filter_taxa_samples_2_reads_20_greengenes.qza 03_table_uterine_swab_filter_taxa_samples_1_reads_30_greengenes.qza 		--m-sample-metadata-file metadata.txt 		--o-visualization 03_table_uterine_swab_filter_taxa_samples_3_reads_10_greengenes.qzv 03_table_uterine_swab_filter_taxa_samples_2_reads_20_greengenes.qzv 03_table_uterine_swab_filter_taxa_samples_1_reads_30_greengenes.qzv' returned non-zero exit status 1.
  File "/gpfs/alpine1/scratch/c829993361@colostate.edu/Equine_Microbiome_Uterine_Swabs/03.taxonomy_greengenes", line 104, in __rule_visualize_filtered

RuleException:
CalledProcessError in file /gpfs/alpine1/scratch/c829993361@colostate.edu/Equine_Microbiome_Uterine_Swabs/03.taxonomy_greengenes, line 104:
Command 'set -euo pipefail;  qiime feature-table summarize 		--i-table 03_table_uterine_swab_filter_taxa_samples_3_reads_10_greengenes.qza 03_table_uterine_swab_filter_taxa_samples_2_reads_20_greengenes.qza 03_table_uterine_swab_filter_taxa_samples_1_reads_30_greengenes.qza 		--m-sample-metadata-file metadata.txt 		--o-visualization 03_table_uterine_swab_filter_taxa_samples_3_reads_10_greengenes.qzv 03_table_uterine_swab_filter_taxa_samples_2_reads_20_greengenes.qzv 03_table_uterine_swab_filter_taxa_samples_1_reads_30_greengenes.qzv' returned non-zero exit status 1.
  File "/gpfs/alpine1/scratch/c829993361@colostate.edu/Equine_Microbiome_Uterine_Swabs/03.taxonomy_greengenes", line 104, in __rule_visualize_filtered
  File "/projects/c829993361@colostate.edu/software/anaconda/envs/qiime2-amplicon-2024.10/lib/python3.10/concurrent/futures/thread.py", line 58, in run
Shutting down, this might take some time.
Exiting because a job execution failed. Look above for error message
Complete log: .snakemake/log/2026-02-07T084603.415438.snakemake.log
unlocking
removing lock
removing lock
removed all locks
